<?xml version="1.0" encoding="UTF-8"?>
<coverage generated="1720429380975" clover="3.2.0">
  <project timestamp="1720429380975" name="All files">
    <metrics statements="87" coveredstatements="85" conditionals="6" coveredconditionals="6" methods="45" coveredmethods="43" elements="138" coveredelements="134" complexity="0" loc="87" ncloc="87" packages="1" files="1" classes="1"/>
    <file name="xmind.ts" path="D:\SonarQube\src\xmind.ts">
      <metrics statements="87" coveredstatements="85" conditionals="6" coveredconditionals="6" methods="45" coveredmethods="43"/>
      <line num="5" count="26" type="stmt"/>
      <line num="6" count="26" type="stmt"/>
      <line num="10" count="26" type="stmt"/>
      <line num="11" count="26" type="stmt"/>
      <line num="12" count="26" type="stmt"/>
      <line num="13" count="26" type="stmt"/>
      <line num="14" count="26" type="stmt"/>
      <line num="15" count="26" type="stmt"/>
      <line num="19" count="1" type="stmt"/>
      <line num="20" count="1" type="stmt"/>
      <line num="21" count="1" type="stmt"/>
      <line num="25" count="1" type="stmt"/>
      <line num="29" count="1" type="stmt"/>
      <line num="35" count="1" type="stmt"/>
      <line num="36" count="1" type="stmt"/>
      <line num="54" count="28" type="stmt"/>
      <line num="55" count="28" type="stmt"/>
      <line num="56" count="28" type="stmt"/>
      <line num="57" count="28" type="stmt"/>
      <line num="58" count="28" type="stmt"/>
      <line num="62" count="1" type="stmt"/>
      <line num="66" count="2" type="stmt"/>
      <line num="67" count="2" type="stmt"/>
      <line num="71" count="1" type="stmt"/>
      <line num="75" count="1" type="stmt"/>
      <line num="79" count="2" type="stmt"/>
      <line num="80" count="2" type="stmt"/>
      <line num="81" count="2" type="stmt"/>
      <line num="85" count="1" type="stmt"/>
      <line num="86" count="1" type="stmt"/>
      <line num="91" count="1" type="stmt"/>
      <line num="95" count="1" type="stmt"/>
      <line num="100" count="1" type="stmt"/>
      <line num="107" count="2" type="stmt"/>
      <line num="108" count="2" type="stmt"/>
      <line num="109" count="2" type="stmt"/>
      <line num="110" count="2" type="stmt"/>
      <line num="114" count="0" type="stmt"/>
      <line num="119" count="1" type="stmt"/>
      <line num="129" count="137" type="stmt"/>
      <line num="130" count="137" type="stmt"/>
      <line num="131" count="137" type="stmt"/>
      <line num="132" count="137" type="stmt"/>
      <line num="133" count="137" type="stmt"/>
      <line num="134" count="137" type="stmt"/>
      <line num="135" count="137" type="stmt"/>
      <line num="139" count="107" type="stmt"/>
      <line num="140" count="107" type="stmt"/>
      <line num="141" count="107" type="stmt"/>
      <line num="145" count="4" type="stmt"/>
      <line num="149" count="1" type="stmt"/>
      <line num="150" count="1" type="cond" truecount="1" falsecount="0"/>
      <line num="151" count="1" type="stmt"/>
      <line num="152" count="1" type="stmt"/>
      <line num="153" count="1" type="stmt"/>
      <line num="158" count="1" type="cond" truecount="1" falsecount="0"/>
      <line num="159" count="1" type="stmt"/>
      <line num="160" count="4" type="stmt"/>
      <line num="163" count="1" type="stmt"/>
      <line num="164" count="1" type="stmt"/>
      <line num="168" count="1" type="stmt"/>
      <line num="172" count="1" type="stmt"/>
      <line num="176" count="1" type="stmt"/>
      <line num="180" count="1" type="stmt"/>
      <line num="184" count="1" type="stmt"/>
      <line num="188" count="1" type="stmt"/>
      <line num="192" count="1" type="stmt"/>
      <line num="196" count="1" type="stmt"/>
      <line num="206" count="137" type="stmt"/>
      <line num="207" count="137" type="stmt"/>
      <line num="208" count="137" type="stmt"/>
      <line num="212" count="1" type="stmt"/>
      <line num="216" count="1" type="stmt"/>
      <line num="220" count="1" type="stmt"/>
      <line num="238" count="137" type="stmt"/>
      <line num="239" count="137" type="stmt"/>
      <line num="240" count="137" type="stmt"/>
      <line num="241" count="137" type="stmt"/>
      <line num="242" count="137" type="stmt"/>
      <line num="246" count="1" type="stmt"/>
      <line num="250" count="1" type="stmt"/>
      <line num="254" count="0" type="stmt"/>
      <line num="258" count="1" type="stmt"/>
      <line num="262" count="1" type="stmt"/>
      <line num="271" count="138" type="stmt"/>
      <line num="272" count="138" type="stmt"/>
      <line num="276" count="1" type="stmt"/>
    </file>
  </project>
</coverage>
