<?xml version="1.0" encoding="UTF-8"?>
<coverage generated="1720432218599" clover="3.2.0">
  <project timestamp="1720432218599" name="All files">
    <metrics statements="89" coveredstatements="87" conditionals="6" coveredconditionals="6" methods="47" coveredmethods="45" elements="142" coveredelements="138" complexity="0" loc="89" ncloc="89" packages="1" files="1" classes="1"/>
    <file name="xmind.ts" path="D:\SonarQube\src\xmind.ts">
      <metrics statements="89" coveredstatements="87" conditionals="6" coveredconditionals="6" methods="47" coveredmethods="45"/>
      <line num="5" count="26" type="stmt"/>
      <line num="6" count="26" type="stmt"/>
      <line num="10" count="26" type="stmt"/>
      <line num="11" count="26" type="stmt"/>
      <line num="12" count="26" type="stmt"/>
      <line num="13" count="26" type="stmt"/>
      <line num="14" count="26" type="stmt"/>
      <line num="15" count="26" type="stmt"/>
      <line num="19" count="1" type="stmt"/>
      <line num="20" count="1" type="stmt"/>
      <line num="21" count="1" type="stmt"/>
      <line num="25" count="1" type="stmt"/>
      <line num="29" count="1" type="stmt"/>
      <line num="36" count="1" type="stmt"/>
      <line num="37" count="1" type="stmt"/>
      <line num="55" count="28" type="stmt"/>
      <line num="56" count="28" type="stmt"/>
      <line num="57" count="28" type="stmt"/>
      <line num="58" count="28" type="stmt"/>
      <line num="59" count="28" type="stmt"/>
      <line num="63" count="1" type="stmt"/>
      <line num="67" count="2" type="stmt"/>
      <line num="68" count="2" type="stmt"/>
      <line num="72" count="1" type="stmt"/>
      <line num="76" count="1" type="stmt"/>
      <line num="80" count="2" type="stmt"/>
      <line num="81" count="2" type="stmt"/>
      <line num="82" count="2" type="stmt"/>
      <line num="86" count="1" type="stmt"/>
      <line num="87" count="1" type="stmt"/>
      <line num="92" count="1" type="stmt"/>
      <line num="96" count="1" type="stmt"/>
      <line num="101" count="1" type="stmt"/>
      <line num="108" count="2" type="stmt"/>
      <line num="109" count="2" type="stmt"/>
      <line num="110" count="2" type="stmt"/>
      <line num="111" count="2" type="stmt"/>
      <line num="115" count="2" type="stmt"/>
      <line num="119" count="0" type="stmt"/>
      <line num="124" count="1" type="stmt"/>
      <line num="134" count="137" type="stmt"/>
      <line num="135" count="137" type="stmt"/>
      <line num="136" count="137" type="stmt"/>
      <line num="137" count="137" type="stmt"/>
      <line num="138" count="137" type="stmt"/>
      <line num="139" count="137" type="stmt"/>
      <line num="140" count="137" type="stmt"/>
      <line num="144" count="137" type="stmt"/>
      <line num="148" count="107" type="stmt"/>
      <line num="149" count="107" type="stmt"/>
      <line num="150" count="107" type="stmt"/>
      <line num="154" count="4" type="stmt"/>
      <line num="158" count="1" type="stmt"/>
      <line num="159" count="1" type="cond" truecount="1" falsecount="0"/>
      <line num="160" count="1" type="stmt"/>
      <line num="161" count="1" type="stmt"/>
      <line num="162" count="1" type="stmt"/>
      <line num="167" count="1" type="cond" truecount="1" falsecount="0"/>
      <line num="168" count="1" type="stmt"/>
      <line num="169" count="4" type="stmt"/>
      <line num="172" count="1" type="stmt"/>
      <line num="173" count="1" type="stmt"/>
      <line num="177" count="1" type="stmt"/>
      <line num="181" count="1" type="stmt"/>
      <line num="185" count="1" type="stmt"/>
      <line num="189" count="1" type="stmt"/>
      <line num="193" count="1" type="stmt"/>
      <line num="197" count="1" type="stmt"/>
      <line num="201" count="1" type="stmt"/>
      <line num="205" count="1" type="stmt"/>
      <line num="215" count="137" type="stmt"/>
      <line num="216" count="137" type="stmt"/>
      <line num="217" count="137" type="stmt"/>
      <line num="221" count="1" type="stmt"/>
      <line num="225" count="1" type="stmt"/>
      <line num="229" count="1" type="stmt"/>
      <line num="247" count="137" type="stmt"/>
      <line num="248" count="137" type="stmt"/>
      <line num="249" count="137" type="stmt"/>
      <line num="250" count="137" type="stmt"/>
      <line num="251" count="137" type="stmt"/>
      <line num="255" count="1" type="stmt"/>
      <line num="259" count="1" type="stmt"/>
      <line num="263" count="0" type="stmt"/>
      <line num="267" count="1" type="stmt"/>
      <line num="271" count="1" type="stmt"/>
      <line num="280" count="138" type="stmt"/>
      <line num="281" count="138" type="stmt"/>
      <line num="285" count="1" type="stmt"/>
    </file>
  </project>
</coverage>
