{"D:\\SonarQube\\src\\xmind.ts": {"path":"D:\\SonarQube\\src\\xmind.ts","statementMap":{"0":{"start":{"line":5,"column":4},"end":{"line":5,"column":21}},"1":{"start":{"line":6,"column":4},"end":{"line":6,"column":32}},"2":{"start":{"line":10,"column":16},"end":{"line":10,"column":64}},"3":{"start":{"line":11,"column":4},"end":{"line":11,"column":49}},"4":{"start":{"line":12,"column":4},"end":{"line":12,"column":49}},"5":{"start":{"line":13,"column":4},"end":{"line":13,"column":49}},"6":{"start":{"line":14,"column":4},"end":{"line":14,"column":49}},"7":{"start":{"line":15,"column":4},"end":{"line":15,"column":28}},"8":{"start":{"line":19,"column":21},"end":{"line":19,"column":65}},"9":{"start":{"line":20,"column":4},"end":{"line":20,"column":31}},"10":{"start":{"line":21,"column":4},"end":{"line":21,"column":20}},"11":{"start":{"line":25,"column":4},"end":{"line":25,"column":57}},"12":{"start":{"line":25,"column":44},"end":{"line":25,"column":55}},"13":{"start":{"line":29,"column":22},"end":{"line":33,"column":null}},"14":{"start":{"line":35,"column":4},"end":{"line":35,"column":32}},"15":{"start":{"line":36,"column":4},"end":{"line":36,"column":21}},"16":{"start":{"line":276,"column":9},"end":{"line":276,"column":14}},"17":{"start":{"line":54,"column":4},"end":{"line":54,"column":21}},"18":{"start":{"line":55,"column":4},"end":{"line":55,"column":31}},"19":{"start":{"line":56,"column":4},"end":{"line":56,"column":47}},"20":{"start":{"line":57,"column":4},"end":{"line":57,"column":45}},"21":{"start":{"line":58,"column":4},"end":{"line":58,"column":43}},"22":{"start":{"line":62,"column":4},"end":{"line":62,"column":24}},"23":{"start":{"line":66,"column":26},"end":{"line":66,"column":41}},"24":{"start":{"line":67,"column":4},"end":{"line":67,"column":47}},"25":{"start":{"line":71,"column":4},"end":{"line":71,"column":16}},"26":{"start":{"line":75,"column":4},"end":{"line":75,"column":16}},"27":{"start":{"line":79,"column":28},"end":{"line":79,"column":68}},"28":{"start":{"line":80,"column":4},"end":{"line":80,"column":48}},"29":{"start":{"line":81,"column":4},"end":{"line":81,"column":30}},"30":{"start":{"line":85,"column":4},"end":{"line":87,"column":6}},"31":{"start":{"line":86,"column":24},"end":{"line":86,"column":58}},"32":{"start":{"line":91,"column":4},"end":{"line":91,"column":33}},"33":{"start":{"line":95,"column":4},"end":{"line":95,"column":16}},"34":{"start":{"line":276,"column":16},"end":{"line":276,"column":21}},"35":{"start":{"line":107,"column":4},"end":{"line":107,"column":36}},"36":{"start":{"line":108,"column":4},"end":{"line":108,"column":35}},"37":{"start":{"line":109,"column":4},"end":{"line":109,"column":31}},"38":{"start":{"line":110,"column":4},"end":{"line":110,"column":31}},"39":{"start":{"line":114,"column":4},"end":{"line":114,"column":24}},"40":{"start":{"line":276,"column":30},"end":{"line":276,"column":42}},"41":{"start":{"line":100,"column":9},"end":{"line":100,"column":28}},"42":{"start":{"line":129,"column":4},"end":{"line":129,"column":29}},"43":{"start":{"line":130,"column":4},"end":{"line":130,"column":21}},"44":{"start":{"line":131,"column":4},"end":{"line":131,"column":24}},"45":{"start":{"line":132,"column":4},"end":{"line":132,"column":23}},"46":{"start":{"line":133,"column":4},"end":{"line":133,"column":50}},"47":{"start":{"line":134,"column":4},"end":{"line":134,"column":75}},"48":{"start":{"line":135,"column":4},"end":{"line":135,"column":39}},"49":{"start":{"line":139,"column":21},"end":{"line":139,"column":36}},"50":{"start":{"line":140,"column":4},"end":{"line":140,"column":27}},"51":{"start":{"line":141,"column":4},"end":{"line":141,"column":34}},"52":{"start":{"line":145,"column":4},"end":{"line":145,"column":79}},"53":{"start":{"line":145,"column":54},"end":{"line":145,"column":77}},"54":{"start":{"line":149,"column":21},"end":{"line":149,"column":76}},"55":{"start":{"line":149,"column":52},"end":{"line":149,"column":75}},"56":{"start":{"line":150,"column":4},"end":{"line":154,"column":5}},"57":{"start":{"line":151,"column":26},"end":{"line":151,"column":62}},"58":{"start":{"line":152,"column":6},"end":{"line":152,"column":32}},"59":{"start":{"line":153,"column":6},"end":{"line":153,"column":39}},"60":{"start":{"line":158,"column":4},"end":{"line":162,"column":5}},"61":{"start":{"line":159,"column":6},"end":{"line":161,"column":8}},"62":{"start":{"line":160,"column":19},"end":{"line":160,"column":39}},"63":{"start":{"line":163,"column":4},"end":{"line":163,"column":40}},"64":{"start":{"line":164,"column":4},"end":{"line":164,"column":33}},"65":{"start":{"line":168,"column":4},"end":{"line":168,"column":32}},"66":{"start":{"line":172,"column":4},"end":{"line":172,"column":43}},"67":{"start":{"line":176,"column":4},"end":{"line":176,"column":43}},"68":{"start":{"line":180,"column":4},"end":{"line":180,"column":43}},"69":{"start":{"line":184,"column":4},"end":{"line":184,"column":41}},"70":{"start":{"line":188,"column":4},"end":{"line":188,"column":38}},"71":{"start":{"line":192,"column":4},"end":{"line":192,"column":36}},"72":{"start":{"line":196,"column":4},"end":{"line":196,"column":36}},"73":{"start":{"line":276,"column":23},"end":{"line":276,"column":28}},"74":{"start":{"line":119,"column":9},"end":{"line":119,"column":28}},"75":{"start":{"line":206,"column":4},"end":{"line":206,"column":31}},"76":{"start":{"line":207,"column":4},"end":{"line":207,"column":25}},"77":{"start":{"line":208,"column":4},"end":{"line":208,"column":25}},"78":{"start":{"line":212,"column":4},"end":{"line":212,"column":31}},"79":{"start":{"line":216,"column":4},"end":{"line":216,"column":25}},"80":{"start":{"line":220,"column":4},"end":{"line":220,"column":25}},"81":{"start":{"line":238,"column":4},"end":{"line":238,"column":27}},"82":{"start":{"line":239,"column":4},"end":{"line":239,"column":29}},"83":{"start":{"line":240,"column":4},"end":{"line":240,"column":33}},"84":{"start":{"line":241,"column":4},"end":{"line":241,"column":31}},"85":{"start":{"line":242,"column":4},"end":{"line":242,"column":31}},"86":{"start":{"line":246,"column":4},"end":{"line":246,"column":27}},"87":{"start":{"line":250,"column":4},"end":{"line":250,"column":29}},"88":{"start":{"line":254,"column":4},"end":{"line":254,"column":33}},"89":{"start":{"line":258,"column":4},"end":{"line":258,"column":31}},"90":{"start":{"line":262,"column":4},"end":{"line":262,"column":31}},"91":{"start":{"line":271,"column":4},"end":{"line":271,"column":15}},"92":{"start":{"line":272,"column":4},"end":{"line":272,"column":15}},"93":{"start":{"line":276,"column":44},"end":{"line":276,"column":52}}},"fnMap":{"0":{"name":"(anonymous_0)","decl":{"start":{"line":4,"column":2},"end":{"line":4,"column":null}},"loc":{"start":{"line":4,"column":2},"end":{"line":7,"column":3}}},"1":{"name":"(anonymous_1)","decl":{"start":{"line":9,"column":2},"end":{"line":9,"column":22}},"loc":{"start":{"line":9,"column":22},"end":{"line":16,"column":3}}},"2":{"name":"(anonymous_2)","decl":{"start":{"line":18,"column":2},"end":{"line":18,"column":13}},"loc":{"start":{"line":18,"column":13},"end":{"line":22,"column":3}}},"3":{"name":"(anonymous_3)","decl":{"start":{"line":24,"column":2},"end":{"line":24,"column":13}},"loc":{"start":{"line":24,"column":26},"end":{"line":26,"column":3}}},"4":{"name":"(anonymous_4)","decl":{"start":{"line":25,"column":37},"end":{"line":25,"column":38}},"loc":{"start":{"line":25,"column":44},"end":{"line":25,"column":55}}},"5":{"name":"(anonymous_5)","decl":{"start":{"line":28,"column":2},"end":{"line":28,"column":16}},"loc":{"start":{"line":28,"column":29},"end":{"line":37,"column":3}}},"6":{"name":"(anonymous_6)","decl":{"start":{"line":47,"column":2},"end":{"line":47,"column":null}},"loc":{"start":{"line":52,"column":37},"end":{"line":59,"column":3}}},"7":{"name":"(anonymous_7)","decl":{"start":{"line":61,"column":2},"end":{"line":61,"column":13}},"loc":{"start":{"line":61,"column":29},"end":{"line":63,"column":3}}},"8":{"name":"(anonymous_8)","decl":{"start":{"line":65,"column":2},"end":{"line":65,"column":21}},"loc":{"start":{"line":65,"column":34},"end":{"line":68,"column":3}}},"9":{"name":"(anonymous_9)","decl":{"start":{"line":70,"column":2},"end":{"line":70,"column":13}},"loc":{"start":{"line":70,"column":32},"end":{"line":72,"column":3}}},"10":{"name":"(anonymous_10)","decl":{"start":{"line":74,"column":2},"end":{"line":74,"column":13}},"loc":{"start":{"line":74,"column":32},"end":{"line":76,"column":3}}},"11":{"name":"(anonymous_11)","decl":{"start":{"line":78,"column":2},"end":{"line":78,"column":20}},"loc":{"start":{"line":78,"column":59},"end":{"line":82,"column":3}}},"12":{"name":"(anonymous_12)","decl":{"start":{"line":84,"column":2},"end":{"line":84,"column":20}},"loc":{"start":{"line":84,"column":43},"end":{"line":88,"column":3}}},"13":{"name":"(anonymous_13)","decl":{"start":{"line":86,"column":6},"end":{"line":86,"column":7}},"loc":{"start":{"line":86,"column":24},"end":{"line":86,"column":58}}},"14":{"name":"(anonymous_14)","decl":{"start":{"line":90,"column":2},"end":{"line":90,"column":23}},"loc":{"start":{"line":90,"column":37},"end":{"line":92,"column":3}}},"15":{"name":"(anonymous_15)","decl":{"start":{"line":94,"column":2},"end":{"line":94,"column":13}},"loc":{"start":{"line":94,"column":30},"end":{"line":96,"column":3}}},"16":{"name":"(anonymous_16)","decl":{"start":{"line":106,"column":2},"end":{"line":106,"column":14}},"loc":{"start":{"line":106,"column":52},"end":{"line":111,"column":3}}},"17":{"name":"(anonymous_17)","decl":{"start":{"line":113,"column":2},"end":{"line":113,"column":20}},"loc":{"start":{"line":113,"column":36},"end":{"line":115,"column":3}}},"18":{"name":"(anonymous_18)","decl":{"start":{"line":128,"column":2},"end":{"line":128,"column":14}},"loc":{"start":{"line":128,"column":26},"end":{"line":136,"column":3}}},"19":{"name":"(anonymous_19)","decl":{"start":{"line":138,"column":2},"end":{"line":138,"column":16}},"loc":{"start":{"line":138,"column":29},"end":{"line":142,"column":3}}},"20":{"name":"(anonymous_20)","decl":{"start":{"line":144,"column":2},"end":{"line":144,"column":16}},"loc":{"start":{"line":144,"column":35},"end":{"line":146,"column":3}}},"21":{"name":"(anonymous_21)","decl":{"start":{"line":145,"column":43},"end":{"line":145,"column":44}},"loc":{"start":{"line":145,"column":54},"end":{"line":145,"column":77}}},"22":{"name":"(anonymous_22)","decl":{"start":{"line":148,"column":2},"end":{"line":148,"column":19}},"loc":{"start":{"line":148,"column":38},"end":{"line":155,"column":3}}},"23":{"name":"(anonymous_23)","decl":{"start":{"line":149,"column":41},"end":{"line":149,"column":42}},"loc":{"start":{"line":149,"column":52},"end":{"line":149,"column":75}}},"24":{"name":"(anonymous_24)","decl":{"start":{"line":157,"column":2},"end":{"line":157,"column":19}},"loc":{"start":{"line":157,"column":41},"end":{"line":165,"column":3}}},"25":{"name":"(anonymous_25)","decl":{"start":{"line":160,"column":8},"end":{"line":160,"column":9}},"loc":{"start":{"line":160,"column":19},"end":{"line":160,"column":39}}},"26":{"name":"(anonymous_26)","decl":{"start":{"line":167,"column":2},"end":{"line":167,"column":19}},"loc":{"start":{"line":167,"column":41},"end":{"line":169,"column":3}}},"27":{"name":"(anonymous_27)","decl":{"start":{"line":171,"column":2},"end":{"line":171,"column":19}},"loc":{"start":{"line":171,"column":35},"end":{"line":173,"column":3}}},"28":{"name":"(anonymous_28)","decl":{"start":{"line":175,"column":2},"end":{"line":175,"column":17}},"loc":{"start":{"line":175,"column":31},"end":{"line":177,"column":3}}},"29":{"name":"(anonymous_29)","decl":{"start":{"line":179,"column":2},"end":{"line":179,"column":17}},"loc":{"start":{"line":179,"column":31},"end":{"line":181,"column":3}}},"30":{"name":"(anonymous_30)","decl":{"start":{"line":183,"column":2},"end":{"line":183,"column":16}},"loc":{"start":{"line":183,"column":29},"end":{"line":185,"column":3}}},"31":{"name":"(anonymous_31)","decl":{"start":{"line":187,"column":2},"end":{"line":187,"column":18}},"loc":{"start":{"line":187,"column":32},"end":{"line":189,"column":3}}},"32":{"name":"(anonymous_32)","decl":{"start":{"line":191,"column":2},"end":{"line":191,"column":19}},"loc":{"start":{"line":191,"column":34},"end":{"line":193,"column":3}}},"33":{"name":"(anonymous_33)","decl":{"start":{"line":195,"column":2},"end":{"line":195,"column":19}},"loc":{"start":{"line":195,"column":34},"end":{"line":197,"column":3}}},"34":{"name":"(anonymous_34)","decl":{"start":{"line":205,"column":2},"end":{"line":205,"column":14}},"loc":{"start":{"line":205,"column":63},"end":{"line":209,"column":3}}},"35":{"name":"(anonymous_35)","decl":{"start":{"line":211,"column":2},"end":{"line":211,"column":17}},"loc":{"start":{"line":211,"column":35},"end":{"line":213,"column":3}}},"36":{"name":"(anonymous_36)","decl":{"start":{"line":215,"column":2},"end":{"line":215,"column":14}},"loc":{"start":{"line":215,"column":29},"end":{"line":217,"column":3}}},"37":{"name":"(anonymous_37)","decl":{"start":{"line":219,"column":2},"end":{"line":219,"column":14}},"loc":{"start":{"line":219,"column":29},"end":{"line":221,"column":3}}},"38":{"name":"(anonymous_38)","decl":{"start":{"line":231,"column":2},"end":{"line":231,"column":null}},"loc":{"start":{"line":236,"column":21},"end":{"line":243,"column":3}}},"39":{"name":"(anonymous_39)","decl":{"start":{"line":245,"column":2},"end":{"line":245,"column":15}},"loc":{"start":{"line":245,"column":31},"end":{"line":247,"column":3}}},"40":{"name":"(anonymous_40)","decl":{"start":{"line":249,"column":2},"end":{"line":249,"column":16}},"loc":{"start":{"line":249,"column":33},"end":{"line":251,"column":3}}},"41":{"name":"(anonymous_41)","decl":{"start":{"line":253,"column":2},"end":{"line":253,"column":18}},"loc":{"start":{"line":253,"column":37},"end":{"line":255,"column":3}}},"42":{"name":"(anonymous_42)","decl":{"start":{"line":257,"column":2},"end":{"line":257,"column":17}},"loc":{"start":{"line":257,"column":35},"end":{"line":259,"column":3}}},"43":{"name":"(anonymous_43)","decl":{"start":{"line":261,"column":2},"end":{"line":261,"column":17}},"loc":{"start":{"line":261,"column":35},"end":{"line":263,"column":3}}},"44":{"name":"(anonymous_44)","decl":{"start":{"line":270,"column":2},"end":{"line":270,"column":14}},"loc":{"start":{"line":270,"column":34},"end":{"line":273,"column":3}}}},"branchMap":{"0":{"loc":{"start":{"line":49,"column":4},"end":{"line":49,"column":36}},"type":"default-arg","locations":[{"start":{"line":49,"column":23},"end":{"line":49,"column":36}}]},"1":{"loc":{"start":{"line":50,"column":4},"end":{"line":50,"column":35}},"type":"default-arg","locations":[{"start":{"line":50,"column":33},"end":{"line":50,"column":35}}]},"2":{"loc":{"start":{"line":51,"column":4},"end":{"line":51,"column":41}},"type":"default-arg","locations":[{"start":{"line":51,"column":39},"end":{"line":51,"column":41}}]},"3":{"loc":{"start":{"line":52,"column":4},"end":{"line":52,"column":37}},"type":"default-arg","locations":[{"start":{"line":52,"column":30},"end":{"line":52,"column":37}}]},"4":{"loc":{"start":{"line":150,"column":4},"end":{"line":154,"column":5}},"type":"if","locations":[{"start":{"line":150,"column":4},"end":{"line":154,"column":5}}]},"5":{"loc":{"start":{"line":158,"column":4},"end":{"line":162,"column":5}},"type":"if","locations":[{"start":{"line":158,"column":4},"end":{"line":162,"column":5}}]}},"s":{"0":26,"1":26,"2":26,"3":26,"4":26,"5":26,"6":26,"7":26,"8":1,"9":1,"10":1,"11":1,"12":1,"13":1,"14":1,"15":1,"16":1,"17":28,"18":28,"19":28,"20":28,"21":28,"22":1,"23":2,"24":2,"25":1,"26":1,"27":2,"28":2,"29":2,"30":1,"31":1,"32":1,"33":1,"34":1,"35":2,"36":2,"37":2,"38":2,"39":0,"40":1,"41":1,"42":137,"43":137,"44":137,"45":137,"46":137,"47":137,"48":137,"49":107,"50":107,"51":107,"52":1,"53":4,"54":1,"55":1,"56":1,"57":1,"58":1,"59":1,"60":1,"61":1,"62":4,"63":1,"64":1,"65":1,"66":1,"67":1,"68":1,"69":1,"70":1,"71":1,"72":1,"73":1,"74":1,"75":137,"76":137,"77":137,"78":1,"79":1,"80":1,"81":137,"82":137,"83":137,"84":137,"85":137,"86":1,"87":1,"88":0,"89":1,"90":1,"91":138,"92":138,"93":1},"f":{"0":26,"1":26,"2":1,"3":1,"4":1,"5":1,"6":28,"7":1,"8":2,"9":1,"10":1,"11":2,"12":1,"13":1,"14":1,"15":1,"16":2,"17":0,"18":137,"19":107,"20":1,"21":4,"22":1,"23":1,"24":1,"25":4,"26":1,"27":1,"28":1,"29":1,"30":1,"31":1,"32":1,"33":1,"34":137,"35":1,"36":1,"37":1,"38":137,"39":1,"40":1,"41":0,"42":1,"43":1,"44":138},"b":{"0":[1],"1":[27],"2":[27],"3":[28],"4":[1],"5":[1]}}
}
