{"D:\\SonarQube\\src\\xmind.ts": {"path":"D:\\SonarQube\\src\\xmind.ts","statementMap":{"0":{"start":{"line":5,"column":4},"end":{"line":5,"column":21}},"1":{"start":{"line":6,"column":4},"end":{"line":6,"column":32}},"2":{"start":{"line":10,"column":16},"end":{"line":10,"column":64}},"3":{"start":{"line":11,"column":4},"end":{"line":11,"column":49}},"4":{"start":{"line":12,"column":4},"end":{"line":12,"column":49}},"5":{"start":{"line":13,"column":4},"end":{"line":13,"column":49}},"6":{"start":{"line":14,"column":4},"end":{"line":14,"column":49}},"7":{"start":{"line":15,"column":4},"end":{"line":15,"column":28}},"8":{"start":{"line":19,"column":21},"end":{"line":19,"column":65}},"9":{"start":{"line":20,"column":4},"end":{"line":20,"column":31}},"10":{"start":{"line":21,"column":4},"end":{"line":21,"column":20}},"11":{"start":{"line":25,"column":4},"end":{"line":25,"column":57}},"12":{"start":{"line":25,"column":44},"end":{"line":25,"column":55}},"13":{"start":{"line":29,"column":22},"end":{"line":34,"column":null}},"14":{"start":{"line":36,"column":4},"end":{"line":36,"column":32}},"15":{"start":{"line":37,"column":4},"end":{"line":37,"column":21}},"16":{"start":{"line":285,"column":9},"end":{"line":285,"column":14}},"17":{"start":{"line":55,"column":4},"end":{"line":55,"column":21}},"18":{"start":{"line":56,"column":4},"end":{"line":56,"column":31}},"19":{"start":{"line":57,"column":4},"end":{"line":57,"column":47}},"20":{"start":{"line":58,"column":4},"end":{"line":58,"column":45}},"21":{"start":{"line":59,"column":4},"end":{"line":59,"column":43}},"22":{"start":{"line":63,"column":4},"end":{"line":63,"column":24}},"23":{"start":{"line":67,"column":26},"end":{"line":67,"column":41}},"24":{"start":{"line":68,"column":4},"end":{"line":68,"column":47}},"25":{"start":{"line":72,"column":4},"end":{"line":72,"column":16}},"26":{"start":{"line":76,"column":4},"end":{"line":76,"column":16}},"27":{"start":{"line":80,"column":28},"end":{"line":80,"column":68}},"28":{"start":{"line":81,"column":4},"end":{"line":81,"column":48}},"29":{"start":{"line":82,"column":4},"end":{"line":82,"column":30}},"30":{"start":{"line":86,"column":4},"end":{"line":88,"column":6}},"31":{"start":{"line":87,"column":24},"end":{"line":87,"column":58}},"32":{"start":{"line":92,"column":4},"end":{"line":92,"column":33}},"33":{"start":{"line":96,"column":4},"end":{"line":96,"column":16}},"34":{"start":{"line":285,"column":16},"end":{"line":285,"column":21}},"35":{"start":{"line":108,"column":4},"end":{"line":108,"column":32}},"36":{"start":{"line":109,"column":4},"end":{"line":109,"column":35}},"37":{"start":{"line":110,"column":4},"end":{"line":110,"column":31}},"38":{"start":{"line":111,"column":4},"end":{"line":111,"column":31}},"39":{"start":{"line":115,"column":4},"end":{"line":115,"column":33}},"40":{"start":{"line":119,"column":4},"end":{"line":119,"column":24}},"41":{"start":{"line":285,"column":30},"end":{"line":285,"column":42}},"42":{"start":{"line":101,"column":17},"end":{"line":101,"column":36}},"43":{"start":{"line":134,"column":4},"end":{"line":134,"column":32}},"44":{"start":{"line":135,"column":4},"end":{"line":135,"column":21}},"45":{"start":{"line":136,"column":4},"end":{"line":136,"column":24}},"46":{"start":{"line":137,"column":4},"end":{"line":137,"column":23}},"47":{"start":{"line":138,"column":4},"end":{"line":138,"column":50}},"48":{"start":{"line":139,"column":4},"end":{"line":139,"column":75}},"49":{"start":{"line":140,"column":4},"end":{"line":140,"column":39}},"50":{"start":{"line":144,"column":4},"end":{"line":144,"column":26}},"51":{"start":{"line":148,"column":21},"end":{"line":148,"column":36}},"52":{"start":{"line":149,"column":4},"end":{"line":149,"column":27}},"53":{"start":{"line":150,"column":4},"end":{"line":150,"column":34}},"54":{"start":{"line":154,"column":4},"end":{"line":154,"column":79}},"55":{"start":{"line":154,"column":54},"end":{"line":154,"column":77}},"56":{"start":{"line":158,"column":21},"end":{"line":158,"column":76}},"57":{"start":{"line":158,"column":52},"end":{"line":158,"column":75}},"58":{"start":{"line":159,"column":4},"end":{"line":163,"column":5}},"59":{"start":{"line":160,"column":26},"end":{"line":160,"column":62}},"60":{"start":{"line":161,"column":6},"end":{"line":161,"column":32}},"61":{"start":{"line":162,"column":6},"end":{"line":162,"column":39}},"62":{"start":{"line":167,"column":4},"end":{"line":171,"column":5}},"63":{"start":{"line":168,"column":6},"end":{"line":170,"column":8}},"64":{"start":{"line":169,"column":19},"end":{"line":169,"column":39}},"65":{"start":{"line":172,"column":4},"end":{"line":172,"column":40}},"66":{"start":{"line":173,"column":4},"end":{"line":173,"column":33}},"67":{"start":{"line":177,"column":4},"end":{"line":177,"column":32}},"68":{"start":{"line":181,"column":4},"end":{"line":181,"column":43}},"69":{"start":{"line":185,"column":4},"end":{"line":185,"column":43}},"70":{"start":{"line":189,"column":4},"end":{"line":189,"column":43}},"71":{"start":{"line":193,"column":4},"end":{"line":193,"column":41}},"72":{"start":{"line":197,"column":4},"end":{"line":197,"column":38}},"73":{"start":{"line":201,"column":4},"end":{"line":201,"column":36}},"74":{"start":{"line":205,"column":4},"end":{"line":205,"column":36}},"75":{"start":{"line":285,"column":23},"end":{"line":285,"column":28}},"76":{"start":{"line":124,"column":17},"end":{"line":124,"column":36}},"77":{"start":{"line":215,"column":4},"end":{"line":215,"column":31}},"78":{"start":{"line":216,"column":4},"end":{"line":216,"column":25}},"79":{"start":{"line":217,"column":4},"end":{"line":217,"column":25}},"80":{"start":{"line":221,"column":4},"end":{"line":221,"column":31}},"81":{"start":{"line":225,"column":4},"end":{"line":225,"column":25}},"82":{"start":{"line":229,"column":4},"end":{"line":229,"column":25}},"83":{"start":{"line":247,"column":4},"end":{"line":247,"column":27}},"84":{"start":{"line":248,"column":4},"end":{"line":248,"column":29}},"85":{"start":{"line":249,"column":4},"end":{"line":249,"column":33}},"86":{"start":{"line":250,"column":4},"end":{"line":250,"column":31}},"87":{"start":{"line":251,"column":4},"end":{"line":251,"column":31}},"88":{"start":{"line":255,"column":4},"end":{"line":255,"column":27}},"89":{"start":{"line":259,"column":4},"end":{"line":259,"column":29}},"90":{"start":{"line":263,"column":4},"end":{"line":263,"column":33}},"91":{"start":{"line":267,"column":4},"end":{"line":267,"column":31}},"92":{"start":{"line":271,"column":4},"end":{"line":271,"column":31}},"93":{"start":{"line":280,"column":4},"end":{"line":280,"column":15}},"94":{"start":{"line":281,"column":4},"end":{"line":281,"column":15}},"95":{"start":{"line":285,"column":44},"end":{"line":285,"column":52}}},"fnMap":{"0":{"name":"(anonymous_0)","decl":{"start":{"line":4,"column":2},"end":{"line":4,"column":null}},"loc":{"start":{"line":4,"column":2},"end":{"line":7,"column":3}}},"1":{"name":"(anonymous_1)","decl":{"start":{"line":9,"column":2},"end":{"line":9,"column":22}},"loc":{"start":{"line":9,"column":22},"end":{"line":16,"column":3}}},"2":{"name":"(anonymous_2)","decl":{"start":{"line":18,"column":2},"end":{"line":18,"column":13}},"loc":{"start":{"line":18,"column":13},"end":{"line":22,"column":3}}},"3":{"name":"(anonymous_3)","decl":{"start":{"line":24,"column":2},"end":{"line":24,"column":13}},"loc":{"start":{"line":24,"column":26},"end":{"line":26,"column":3}}},"4":{"name":"(anonymous_4)","decl":{"start":{"line":25,"column":37},"end":{"line":25,"column":38}},"loc":{"start":{"line":25,"column":44},"end":{"line":25,"column":55}}},"5":{"name":"(anonymous_5)","decl":{"start":{"line":28,"column":2},"end":{"line":28,"column":16}},"loc":{"start":{"line":28,"column":29},"end":{"line":38,"column":3}}},"6":{"name":"(anonymous_6)","decl":{"start":{"line":48,"column":2},"end":{"line":48,"column":null}},"loc":{"start":{"line":53,"column":37},"end":{"line":60,"column":3}}},"7":{"name":"(anonymous_7)","decl":{"start":{"line":62,"column":2},"end":{"line":62,"column":13}},"loc":{"start":{"line":62,"column":29},"end":{"line":64,"column":3}}},"8":{"name":"(anonymous_8)","decl":{"start":{"line":66,"column":2},"end":{"line":66,"column":21}},"loc":{"start":{"line":66,"column":34},"end":{"line":69,"column":3}}},"9":{"name":"(anonymous_9)","decl":{"start":{"line":71,"column":2},"end":{"line":71,"column":13}},"loc":{"start":{"line":71,"column":32},"end":{"line":73,"column":3}}},"10":{"name":"(anonymous_10)","decl":{"start":{"line":75,"column":2},"end":{"line":75,"column":13}},"loc":{"start":{"line":75,"column":32},"end":{"line":77,"column":3}}},"11":{"name":"(anonymous_11)","decl":{"start":{"line":79,"column":2},"end":{"line":79,"column":20}},"loc":{"start":{"line":79,"column":59},"end":{"line":83,"column":3}}},"12":{"name":"(anonymous_12)","decl":{"start":{"line":85,"column":2},"end":{"line":85,"column":20}},"loc":{"start":{"line":85,"column":43},"end":{"line":89,"column":3}}},"13":{"name":"(anonymous_13)","decl":{"start":{"line":87,"column":6},"end":{"line":87,"column":7}},"loc":{"start":{"line":87,"column":24},"end":{"line":87,"column":58}}},"14":{"name":"(anonymous_14)","decl":{"start":{"line":91,"column":2},"end":{"line":91,"column":23}},"loc":{"start":{"line":91,"column":37},"end":{"line":93,"column":3}}},"15":{"name":"(anonymous_15)","decl":{"start":{"line":95,"column":2},"end":{"line":95,"column":13}},"loc":{"start":{"line":95,"column":30},"end":{"line":97,"column":3}}},"16":{"name":"(anonymous_16)","decl":{"start":{"line":107,"column":2},"end":{"line":107,"column":14}},"loc":{"start":{"line":107,"column":52},"end":{"line":112,"column":3}}},"17":{"name":"(anonymous_17)","decl":{"start":{"line":114,"column":10},"end":{"line":114,"column":20}},"loc":{"start":{"line":114,"column":20},"end":{"line":116,"column":3}}},"18":{"name":"(anonymous_18)","decl":{"start":{"line":118,"column":2},"end":{"line":118,"column":20}},"loc":{"start":{"line":118,"column":36},"end":{"line":120,"column":3}}},"19":{"name":"(anonymous_19)","decl":{"start":{"line":133,"column":2},"end":{"line":133,"column":14}},"loc":{"start":{"line":133,"column":26},"end":{"line":141,"column":3}}},"20":{"name":"(anonymous_20)","decl":{"start":{"line":143,"column":10},"end":{"line":143,"column":20}},"loc":{"start":{"line":143,"column":20},"end":{"line":145,"column":3}}},"21":{"name":"(anonymous_21)","decl":{"start":{"line":147,"column":2},"end":{"line":147,"column":16}},"loc":{"start":{"line":147,"column":29},"end":{"line":151,"column":3}}},"22":{"name":"(anonymous_22)","decl":{"start":{"line":153,"column":2},"end":{"line":153,"column":16}},"loc":{"start":{"line":153,"column":35},"end":{"line":155,"column":3}}},"23":{"name":"(anonymous_23)","decl":{"start":{"line":154,"column":43},"end":{"line":154,"column":44}},"loc":{"start":{"line":154,"column":54},"end":{"line":154,"column":77}}},"24":{"name":"(anonymous_24)","decl":{"start":{"line":157,"column":2},"end":{"line":157,"column":19}},"loc":{"start":{"line":157,"column":38},"end":{"line":164,"column":3}}},"25":{"name":"(anonymous_25)","decl":{"start":{"line":158,"column":41},"end":{"line":158,"column":42}},"loc":{"start":{"line":158,"column":52},"end":{"line":158,"column":75}}},"26":{"name":"(anonymous_26)","decl":{"start":{"line":166,"column":2},"end":{"line":166,"column":19}},"loc":{"start":{"line":166,"column":41},"end":{"line":174,"column":3}}},"27":{"name":"(anonymous_27)","decl":{"start":{"line":169,"column":8},"end":{"line":169,"column":9}},"loc":{"start":{"line":169,"column":19},"end":{"line":169,"column":39}}},"28":{"name":"(anonymous_28)","decl":{"start":{"line":176,"column":2},"end":{"line":176,"column":19}},"loc":{"start":{"line":176,"column":41},"end":{"line":178,"column":3}}},"29":{"name":"(anonymous_29)","decl":{"start":{"line":180,"column":2},"end":{"line":180,"column":19}},"loc":{"start":{"line":180,"column":35},"end":{"line":182,"column":3}}},"30":{"name":"(anonymous_30)","decl":{"start":{"line":184,"column":2},"end":{"line":184,"column":17}},"loc":{"start":{"line":184,"column":31},"end":{"line":186,"column":3}}},"31":{"name":"(anonymous_31)","decl":{"start":{"line":188,"column":2},"end":{"line":188,"column":17}},"loc":{"start":{"line":188,"column":31},"end":{"line":190,"column":3}}},"32":{"name":"(anonymous_32)","decl":{"start":{"line":192,"column":2},"end":{"line":192,"column":16}},"loc":{"start":{"line":192,"column":29},"end":{"line":194,"column":3}}},"33":{"name":"(anonymous_33)","decl":{"start":{"line":196,"column":2},"end":{"line":196,"column":18}},"loc":{"start":{"line":196,"column":32},"end":{"line":198,"column":3}}},"34":{"name":"(anonymous_34)","decl":{"start":{"line":200,"column":2},"end":{"line":200,"column":19}},"loc":{"start":{"line":200,"column":34},"end":{"line":202,"column":3}}},"35":{"name":"(anonymous_35)","decl":{"start":{"line":204,"column":2},"end":{"line":204,"column":19}},"loc":{"start":{"line":204,"column":34},"end":{"line":206,"column":3}}},"36":{"name":"(anonymous_36)","decl":{"start":{"line":214,"column":2},"end":{"line":214,"column":14}},"loc":{"start":{"line":214,"column":63},"end":{"line":218,"column":3}}},"37":{"name":"(anonymous_37)","decl":{"start":{"line":220,"column":2},"end":{"line":220,"column":17}},"loc":{"start":{"line":220,"column":35},"end":{"line":222,"column":3}}},"38":{"name":"(anonymous_38)","decl":{"start":{"line":224,"column":2},"end":{"line":224,"column":14}},"loc":{"start":{"line":224,"column":29},"end":{"line":226,"column":3}}},"39":{"name":"(anonymous_39)","decl":{"start":{"line":228,"column":2},"end":{"line":228,"column":14}},"loc":{"start":{"line":228,"column":29},"end":{"line":230,"column":3}}},"40":{"name":"(anonymous_40)","decl":{"start":{"line":240,"column":2},"end":{"line":240,"column":null}},"loc":{"start":{"line":245,"column":21},"end":{"line":252,"column":3}}},"41":{"name":"(anonymous_41)","decl":{"start":{"line":254,"column":2},"end":{"line":254,"column":15}},"loc":{"start":{"line":254,"column":31},"end":{"line":256,"column":3}}},"42":{"name":"(anonymous_42)","decl":{"start":{"line":258,"column":2},"end":{"line":258,"column":16}},"loc":{"start":{"line":258,"column":33},"end":{"line":260,"column":3}}},"43":{"name":"(anonymous_43)","decl":{"start":{"line":262,"column":2},"end":{"line":262,"column":18}},"loc":{"start":{"line":262,"column":37},"end":{"line":264,"column":3}}},"44":{"name":"(anonymous_44)","decl":{"start":{"line":266,"column":2},"end":{"line":266,"column":17}},"loc":{"start":{"line":266,"column":35},"end":{"line":268,"column":3}}},"45":{"name":"(anonymous_45)","decl":{"start":{"line":270,"column":2},"end":{"line":270,"column":17}},"loc":{"start":{"line":270,"column":35},"end":{"line":272,"column":3}}},"46":{"name":"(anonymous_46)","decl":{"start":{"line":279,"column":2},"end":{"line":279,"column":14}},"loc":{"start":{"line":279,"column":34},"end":{"line":282,"column":3}}}},"branchMap":{"0":{"loc":{"start":{"line":50,"column":4},"end":{"line":50,"column":36}},"type":"default-arg","locations":[{"start":{"line":50,"column":23},"end":{"line":50,"column":36}}]},"1":{"loc":{"start":{"line":51,"column":4},"end":{"line":51,"column":35}},"type":"default-arg","locations":[{"start":{"line":51,"column":33},"end":{"line":51,"column":35}}]},"2":{"loc":{"start":{"line":52,"column":4},"end":{"line":52,"column":41}},"type":"default-arg","locations":[{"start":{"line":52,"column":39},"end":{"line":52,"column":41}}]},"3":{"loc":{"start":{"line":53,"column":4},"end":{"line":53,"column":37}},"type":"default-arg","locations":[{"start":{"line":53,"column":30},"end":{"line":53,"column":37}}]},"4":{"loc":{"start":{"line":159,"column":4},"end":{"line":163,"column":5}},"type":"if","locations":[{"start":{"line":159,"column":4},"end":{"line":163,"column":5}}]},"5":{"loc":{"start":{"line":167,"column":4},"end":{"line":171,"column":5}},"type":"if","locations":[{"start":{"line":167,"column":4},"end":{"line":171,"column":5}}]}},"s":{"0":26,"1":26,"2":26,"3":26,"4":26,"5":26,"6":26,"7":26,"8":1,"9":1,"10":1,"11":1,"12":1,"13":1,"14":1,"15":1,"16":1,"17":28,"18":28,"19":28,"20":28,"21":28,"22":1,"23":2,"24":2,"25":1,"26":1,"27":2,"28":2,"29":2,"30":1,"31":1,"32":1,"33":1,"34":1,"35":2,"36":2,"37":2,"38":2,"39":2,"40":0,"41":1,"42":1,"43":137,"44":137,"45":137,"46":137,"47":137,"48":137,"49":137,"50":137,"51":107,"52":107,"53":107,"54":1,"55":4,"56":1,"57":1,"58":1,"59":1,"60":1,"61":1,"62":1,"63":1,"64":4,"65":1,"66":1,"67":1,"68":1,"69":1,"70":1,"71":1,"72":1,"73":1,"74":1,"75":1,"76":1,"77":137,"78":137,"79":137,"80":1,"81":1,"82":1,"83":137,"84":137,"85":137,"86":137,"87":137,"88":1,"89":1,"90":0,"91":1,"92":1,"93":138,"94":138,"95":1},"f":{"0":26,"1":26,"2":1,"3":1,"4":1,"5":1,"6":28,"7":1,"8":2,"9":1,"10":1,"11":2,"12":1,"13":1,"14":1,"15":1,"16":2,"17":2,"18":0,"19":137,"20":137,"21":107,"22":1,"23":4,"24":1,"25":1,"26":1,"27":4,"28":1,"29":1,"30":1,"31":1,"32":1,"33":1,"34":1,"35":1,"36":137,"37":1,"38":1,"39":1,"40":137,"41":1,"42":1,"43":0,"44":1,"45":1,"46":138},"b":{"0":[1],"1":[27],"2":[27],"3":[27],"4":[1],"5":[1]}}
}
