TN:
SF:src\xmind.ts
FN:4,(anonymous_0)
FN:9,(anonymous_1)
FN:18,(anonymous_2)
FN:24,(anonymous_3)
FN:25,(anonymous_4)
FN:28,(anonymous_5)
FN:48,(anonymous_6)
FN:62,(anonymous_7)
FN:66,(anonymous_8)
FN:71,(anonymous_9)
FN:75,(anonymous_10)
FN:79,(anonymous_11)
FN:85,(anonymous_12)
FN:87,(anonymous_13)
FN:91,(anonymous_14)
FN:95,(anonymous_15)
FN:107,(anonymous_16)
FN:114,(anonymous_17)
FN:118,(anonymous_18)
FN:133,(anonymous_19)
FN:143,(anonymous_20)
FN:147,(anonymous_21)
FN:153,(anonymous_22)
FN:154,(anonymous_23)
FN:157,(anonymous_24)
FN:158,(anonymous_25)
FN:166,(anonymous_26)
FN:169,(anonymous_27)
FN:176,(anonymous_28)
FN:180,(anonymous_29)
FN:184,(anonymous_30)
FN:188,(anonymous_31)
FN:192,(anonymous_32)
FN:196,(anonymous_33)
FN:200,(anonymous_34)
FN:204,(anonymous_35)
FN:214,(anonymous_36)
FN:220,(anonymous_37)
FN:224,(anonymous_38)
FN:228,(anonymous_39)
FN:240,(anonymous_40)
FN:254,(anonymous_41)
FN:258,(anonymous_42)
FN:262,(anonymous_43)
FN:266,(anonymous_44)
FN:270,(anonymous_45)
FN:279,(anonymous_46)
FNF:47
FNH:45
FNDA:26,(anonymous_0)
FNDA:26,(anonymous_1)
FNDA:1,(anonymous_2)
FNDA:1,(anonymous_3)
FNDA:1,(anonymous_4)
FNDA:1,(anonymous_5)
FNDA:28,(anonymous_6)
FNDA:1,(anonymous_7)
FNDA:2,(anonymous_8)
FNDA:1,(anonymous_9)
FNDA:1,(anonymous_10)
FNDA:2,(anonymous_11)
FNDA:1,(anonymous_12)
FNDA:1,(anonymous_13)
FNDA:1,(anonymous_14)
FNDA:1,(anonymous_15)
FNDA:2,(anonymous_16)
FNDA:2,(anonymous_17)
FNDA:0,(anonymous_18)
FNDA:137,(anonymous_19)
FNDA:137,(anonymous_20)
FNDA:107,(anonymous_21)
FNDA:1,(anonymous_22)
FNDA:4,(anonymous_23)
FNDA:1,(anonymous_24)
FNDA:1,(anonymous_25)
FNDA:1,(anonymous_26)
FNDA:4,(anonymous_27)
FNDA:1,(anonymous_28)
FNDA:1,(anonymous_29)
FNDA:1,(anonymous_30)
FNDA:1,(anonymous_31)
FNDA:1,(anonymous_32)
FNDA:1,(anonymous_33)
FNDA:1,(anonymous_34)
FNDA:1,(anonymous_35)
FNDA:137,(anonymous_36)
FNDA:1,(anonymous_37)
FNDA:1,(anonymous_38)
FNDA:1,(anonymous_39)
FNDA:137,(anonymous_40)
FNDA:1,(anonymous_41)
FNDA:1,(anonymous_42)
FNDA:0,(anonymous_43)
FNDA:1,(anonymous_44)
FNDA:1,(anonymous_45)
FNDA:138,(anonymous_46)
DA:5,26
DA:6,26
DA:10,26
DA:11,26
DA:12,26
DA:13,26
DA:14,26
DA:15,26
DA:19,1
DA:20,1
DA:21,1
DA:25,1
DA:29,1
DA:36,1
DA:37,1
DA:55,28
DA:56,28
DA:57,28
DA:58,28
DA:59,28
DA:63,1
DA:67,2
DA:68,2
DA:72,1
DA:76,1
DA:80,2
DA:81,2
DA:82,2
DA:86,1
DA:87,1
DA:92,1
DA:96,1
DA:101,1
DA:108,2
DA:109,2
DA:110,2
DA:111,2
DA:115,2
DA:119,0
DA:124,1
DA:134,137
DA:135,137
DA:136,137
DA:137,137
DA:138,137
DA:139,137
DA:140,137
DA:144,137
DA:148,107
DA:149,107
DA:150,107
DA:154,4
DA:158,1
DA:159,1
DA:160,1
DA:161,1
DA:162,1
DA:167,1
DA:168,1
DA:169,4
DA:172,1
DA:173,1
DA:177,1
DA:181,1
DA:185,1
DA:189,1
DA:193,1
DA:197,1
DA:201,1
DA:205,1
DA:215,137
DA:216,137
DA:217,137
DA:221,1
DA:225,1
DA:229,1
DA:247,137
DA:248,137
DA:249,137
DA:250,137
DA:251,137
DA:255,1
DA:259,1
DA:263,0
DA:267,1
DA:271,1
DA:280,138
DA:281,138
DA:285,1
LF:89
LH:87
BRDA:50,0,0,1
BRDA:51,1,0,27
BRDA:52,2,0,27
BRDA:53,3,0,27
BRDA:159,4,0,1
BRDA:167,5,0,1
BRF:6
BRH:6
end_of_record
