TN:
SF:src\xmind.ts
FN:1,(anonymous_0)
FN:9,(anonymous_1)
FN:14,(anonymous_2)
FN:23,(anonymous_3)
FN:29,(anonymous_4)
FN:30,(anonymous_5)
FN:33,(anonymous_6)
FN:53,(anonymous_7)
FN:67,(anonymous_8)
FN:71,(anonymous_9)
FN:76,(anonymous_10)
FN:80,(anonymous_11)
FN:84,(anonymous_12)
FN:90,(anonymous_13)
FN:92,(anonymous_14)
FN:96,(anonymous_15)
FN:100,(anonymous_16)
FN:104,(anonymous_17)
FN:106,(anonymous_18)
FN:121,(anonymous_19)
FN:128,(anonymous_20)
FN:143,(anonymous_21)
FN:153,(anonymous_22)
FN:159,(anonymous_23)
FN:160,(anonymous_24)
FN:163,(anonymous_25)
FN:164,(anonymous_26)
FN:172,(anonymous_27)
FN:175,(anonymous_28)
FN:182,(anonymous_29)
FN:186,(anonymous_30)
FN:190,(anonymous_31)
FN:194,(anonymous_32)
FN:198,(anonymous_33)
FN:202,(anonymous_34)
FN:206,(anonymous_35)
FN:210,(anonymous_36)
FN:220,(anonymous_37)
FN:226,(anonymous_38)
FN:230,(anonymous_39)
FN:234,(anonymous_40)
FN:246,(anonymous_41)
FN:260,(anonymous_42)
FN:264,(anonymous_43)
FN:268,(anonymous_44)
FN:272,(anonymous_45)
FN:276,(anonymous_46)
FN:285,(anonymous_47)
FNF:48
FNH:46
FNDA:1,(anonymous_0)
FNDA:27,(anonymous_1)
FNDA:27,(anonymous_2)
FNDA:1,(anonymous_3)
FNDA:1,(anonymous_4)
FNDA:1,(anonymous_5)
FNDA:1,(anonymous_6)
FNDA:29,(anonymous_7)
FNDA:1,(anonymous_8)
FNDA:2,(anonymous_9)
FNDA:1,(anonymous_10)
FNDA:1,(anonymous_11)
FNDA:2,(anonymous_12)
FNDA:1,(anonymous_13)
FNDA:1,(anonymous_14)
FNDA:1,(anonymous_15)
FNDA:1,(anonymous_16)
FNDA:1,(anonymous_17)
FNDA:1,(anonymous_18)
FNDA:2,(anonymous_19)
FNDA:0,(anonymous_20)
FNDA:142,(anonymous_21)
FNDA:111,(anonymous_22)
FNDA:2,(anonymous_23)
FNDA:8,(anonymous_24)
FNDA:1,(anonymous_25)
FNDA:1,(anonymous_26)
FNDA:1,(anonymous_27)
FNDA:4,(anonymous_28)
FNDA:1,(anonymous_29)
FNDA:1,(anonymous_30)
FNDA:1,(anonymous_31)
FNDA:1,(anonymous_32)
FNDA:1,(anonymous_33)
FNDA:1,(anonymous_34)
FNDA:1,(anonymous_35)
FNDA:1,(anonymous_36)
FNDA:142,(anonymous_37)
FNDA:1,(anonymous_38)
FNDA:1,(anonymous_39)
FNDA:1,(anonymous_40)
FNDA:142,(anonymous_41)
FNDA:1,(anonymous_42)
FNDA:1,(anonymous_43)
FNDA:0,(anonymous_44)
FNDA:1,(anonymous_45)
FNDA:1,(anonymous_46)
FNDA:143,(anonymous_47)
DA:1,1
DA:2,1
DA:3,1
DA:10,27
DA:11,27
DA:15,27
DA:16,27
DA:17,27
DA:18,27
DA:19,27
DA:20,27
DA:24,1
DA:25,1
DA:26,1
DA:30,1
DA:34,1
DA:41,1
DA:42,1
DA:60,29
DA:61,29
DA:62,29
DA:63,29
DA:64,29
DA:68,1
DA:72,2
DA:73,2
DA:77,1
DA:81,1
DA:85,2
DA:86,2
DA:87,2
DA:91,1
DA:92,1
DA:97,1
DA:101,1
DA:105,1
DA:106,1
DA:108,1
DA:109,1
DA:110,1
DA:115,1
DA:122,2
DA:123,2
DA:124,2
DA:125,2
DA:129,0
DA:134,1
DA:144,142
DA:145,142
DA:146,142
DA:147,142
DA:148,142
DA:149,142
DA:150,142
DA:154,111
DA:155,111
DA:156,111
DA:160,8
DA:164,1
DA:165,1
DA:166,1
DA:167,1
DA:168,1
DA:173,1
DA:174,1
DA:175,4
DA:178,1
DA:179,1
DA:183,1
DA:187,1
DA:191,1
DA:195,1
DA:199,1
DA:203,1
DA:207,1
DA:211,1
DA:221,142
DA:222,142
DA:223,142
DA:227,1
DA:231,1
DA:235,1
DA:253,142
DA:254,142
DA:255,142
DA:256,142
DA:257,142
DA:261,1
DA:265,1
DA:269,0
DA:273,1
DA:277,1
DA:286,143
DA:287,143
DA:291,1
LF:95
LH:93
BRDA:1,0,0,1
BRDA:1,0,1,1
BRDA:55,1,0,1
BRDA:56,2,0,28
BRDA:57,3,0,28
BRDA:58,4,0,28
BRDA:108,5,0,0
BRDA:110,6,0,0
BRDA:110,6,1,1
BRDA:110,7,0,1
BRDA:110,7,1,1
BRDA:165,8,0,1
BRDA:173,9,0,1
BRF:13
BRH:11
end_of_record
